Determining if the pthread_create exist failed with the following output:
Change Dir: /home/amir/Documents/PT/ProgrammingTechnologies/task3/PatternsCollection/Decorator/cpp-source/tgbot-prefix/src/tgbot-build/CMakeFiles/CMakeTmp

Run Build Command:"/usr/bin/make" "cmTC_2a193/fast"
make[3]: Entering directory '/home/amir/Documents/PT/ProgrammingTechnologies/task3/PatternsCollection/Decorator/cpp-source/tgbot-prefix/src/tgbot-build/CMakeFiles/CMakeTmp'
/usr/bin/make -f CMakeFiles/cmTC_2a193.dir/build.make CMakeFiles/cmTC_2a193.dir/build
make[4]: Entering directory '/home/amir/Documents/PT/ProgrammingTechnologies/task3/PatternsCollection/Decorator/cpp-source/tgbot-prefix/src/tgbot-build/CMakeFiles/CMakeTmp'
Building C object CMakeFiles/cmTC_2a193.dir/CheckSymbolExists.c.o
/usr/bin/cc    -o CMakeFiles/cmTC_2a193.dir/CheckSymbolExists.c.o   -c /home/amir/Documents/PT/ProgrammingTechnologies/task3/PatternsCollection/Decorator/cpp-source/tgbot-prefix/src/tgbot-build/CMakeFiles/CMakeTmp/CheckSymbolExists.c
Linking C executable cmTC_2a193
/usr/bin/cmake -E cmake_link_script CMakeFiles/cmTC_2a193.dir/link.txt --verbose=1
/usr/bin/cc      -rdynamic CMakeFiles/cmTC_2a193.dir/CheckSymbolExists.c.o  -o cmTC_2a193 
CMakeFiles/cmTC_2a193.dir/CheckSymbolExists.c.o: In function `main':
CheckSymbolExists.c:(.text+0x1b): undefined reference to `pthread_create'
collect2: error: ld returned 1 exit status
CMakeFiles/cmTC_2a193.dir/build.make:97: recipe for target 'cmTC_2a193' failed
make[4]: *** [cmTC_2a193] Error 1
make[4]: Leaving directory '/home/amir/Documents/PT/ProgrammingTechnologies/task3/PatternsCollection/Decorator/cpp-source/tgbot-prefix/src/tgbot-build/CMakeFiles/CMakeTmp'
Makefile:126: recipe for target 'cmTC_2a193/fast' failed
make[3]: *** [cmTC_2a193/fast] Error 2
make[3]: Leaving directory '/home/amir/Documents/PT/ProgrammingTechnologies/task3/PatternsCollection/Decorator/cpp-source/tgbot-prefix/src/tgbot-build/CMakeFiles/CMakeTmp'

File /home/amir/Documents/PT/ProgrammingTechnologies/task3/PatternsCollection/Decorator/cpp-source/tgbot-prefix/src/tgbot-build/CMakeFiles/CMakeTmp/CheckSymbolExists.c:
/* */
#include <pthread.h>

int main(int argc, char** argv)
{
  (void)argv;
#ifndef pthread_create
  return ((int*)(&pthread_create))[argc];
#else
  (void)argc;
  return 0;
#endif
}

Determining if the function pthread_create exists in the pthreads failed with the following output:
Change Dir: /home/amir/Documents/PT/ProgrammingTechnologies/task3/PatternsCollection/Decorator/cpp-source/tgbot-prefix/src/tgbot-build/CMakeFiles/CMakeTmp

Run Build Command:"/usr/bin/make" "cmTC_f6153/fast"
make[3]: Entering directory '/home/amir/Documents/PT/ProgrammingTechnologies/task3/PatternsCollection/Decorator/cpp-source/tgbot-prefix/src/tgbot-build/CMakeFiles/CMakeTmp'
/usr/bin/make -f CMakeFiles/cmTC_f6153.dir/build.make CMakeFiles/cmTC_f6153.dir/build
make[4]: Entering directory '/home/amir/Documents/PT/ProgrammingTechnologies/task3/PatternsCollection/Decorator/cpp-source/tgbot-prefix/src/tgbot-build/CMakeFiles/CMakeTmp'
Building C object CMakeFiles/cmTC_f6153.dir/CheckFunctionExists.c.o
/usr/bin/cc   -DCHECK_FUNCTION_EXISTS=pthread_create   -o CMakeFiles/cmTC_f6153.dir/CheckFunctionExists.c.o   -c /usr/share/cmake-3.10/Modules/CheckFunctionExists.c
Linking C executable cmTC_f6153
/usr/bin/cmake -E cmake_link_script CMakeFiles/cmTC_f6153.dir/link.txt --verbose=1
/usr/bin/cc  -DCHECK_FUNCTION_EXISTS=pthread_create    -rdynamic CMakeFiles/cmTC_f6153.dir/CheckFunctionExists.c.o  -o cmTC_f6153 -lpthreads 
/usr/bin/ld: cannot find -lpthreads
collect2: error: ld returned 1 exit status
CMakeFiles/cmTC_f6153.dir/build.make:97: recipe for target 'cmTC_f6153' failed
make[4]: *** [cmTC_f6153] Error 1
make[4]: Leaving directory '/home/amir/Documents/PT/ProgrammingTechnologies/task3/PatternsCollection/Decorator/cpp-source/tgbot-prefix/src/tgbot-build/CMakeFiles/CMakeTmp'
Makefile:126: recipe for target 'cmTC_f6153/fast' failed
make[3]: *** [cmTC_f6153/fast] Error 2
make[3]: Leaving directory '/home/amir/Documents/PT/ProgrammingTechnologies/task3/PatternsCollection/Decorator/cpp-source/tgbot-prefix/src/tgbot-build/CMakeFiles/CMakeTmp'


