Determining if the pthread_create exist failed with the following output:
Change Dir: /home/amir/Documents/PT/ProgrammingTechnologies/Sea_battles/cmake-build-debug/CMakeFiles/CMakeTmp

Run Build Command:"/usr/bin/make" "cmTC_545be/fast"
make[1]: Entering directory '/home/amir/Documents/PT/ProgrammingTechnologies/Sea_battles/cmake-build-debug/CMakeFiles/CMakeTmp'
/usr/bin/make -f CMakeFiles/cmTC_545be.dir/build.make CMakeFiles/cmTC_545be.dir/build
make[2]: Entering directory '/home/amir/Documents/PT/ProgrammingTechnologies/Sea_battles/cmake-build-debug/CMakeFiles/CMakeTmp'
Building C object CMakeFiles/cmTC_545be.dir/CheckSymbolExists.c.o
/usr/bin/cc    -o CMakeFiles/cmTC_545be.dir/CheckSymbolExists.c.o   -c /home/amir/Documents/PT/ProgrammingTechnologies/Sea_battles/cmake-build-debug/CMakeFiles/CMakeTmp/CheckSymbolExists.c
Linking C executable cmTC_545be
/home/amir/snap/clion-2018.3.4/bin/cmake/linux/bin/cmake -E cmake_link_script CMakeFiles/cmTC_545be.dir/link.txt --verbose=1
/usr/bin/cc      -rdynamic CMakeFiles/cmTC_545be.dir/CheckSymbolExists.c.o  -o cmTC_545be 
CMakeFiles/cmTC_545be.dir/CheckSymbolExists.c.o: In function `main':
CheckSymbolExists.c:(.text+0x1b): undefined reference to `pthread_create'
collect2: error: ld returned 1 exit status
CMakeFiles/cmTC_545be.dir/build.make:86: recipe for target 'cmTC_545be' failed
make[2]: *** [cmTC_545be] Error 1
make[2]: Leaving directory '/home/amir/Documents/PT/ProgrammingTechnologies/Sea_battles/cmake-build-debug/CMakeFiles/CMakeTmp'
Makefile:121: recipe for target 'cmTC_545be/fast' failed
make[1]: *** [cmTC_545be/fast] Error 2
make[1]: Leaving directory '/home/amir/Documents/PT/ProgrammingTechnologies/Sea_battles/cmake-build-debug/CMakeFiles/CMakeTmp'

File /home/amir/Documents/PT/ProgrammingTechnologies/Sea_battles/cmake-build-debug/CMakeFiles/CMakeTmp/CheckSymbolExists.c:
/* */
#include <pthread.h>

int main(int argc, char** argv)
{
  (void)argv;
#ifndef pthread_create
  return ((int*)(&pthread_create))[argc];
#else
  (void)argc;
  return 0;
#endif
}

Determining if the function pthread_create exists in the pthreads failed with the following output:
Change Dir: /home/amir/Documents/PT/ProgrammingTechnologies/Sea_battles/cmake-build-debug/CMakeFiles/CMakeTmp

Run Build Command:"/usr/bin/make" "cmTC_4b18f/fast"
make[1]: Entering directory '/home/amir/Documents/PT/ProgrammingTechnologies/Sea_battles/cmake-build-debug/CMakeFiles/CMakeTmp'
/usr/bin/make -f CMakeFiles/cmTC_4b18f.dir/build.make CMakeFiles/cmTC_4b18f.dir/build
make[2]: Entering directory '/home/amir/Documents/PT/ProgrammingTechnologies/Sea_battles/cmake-build-debug/CMakeFiles/CMakeTmp'
Building C object CMakeFiles/cmTC_4b18f.dir/CheckFunctionExists.c.o
/usr/bin/cc   -DCHECK_FUNCTION_EXISTS=pthread_create   -o CMakeFiles/cmTC_4b18f.dir/CheckFunctionExists.c.o   -c /home/amir/snap/clion-2018.3.4/bin/cmake/linux/share/cmake-3.13/Modules/CheckFunctionExists.c
Linking C executable cmTC_4b18f
/home/amir/snap/clion-2018.3.4/bin/cmake/linux/bin/cmake -E cmake_link_script CMakeFiles/cmTC_4b18f.dir/link.txt --verbose=1
/usr/bin/cc  -DCHECK_FUNCTION_EXISTS=pthread_create    -rdynamic CMakeFiles/cmTC_4b18f.dir/CheckFunctionExists.c.o  -o cmTC_4b18f -lpthreads 
/usr/bin/ld: cannot find -lpthreads
collect2: error: ld returned 1 exit status
CMakeFiles/cmTC_4b18f.dir/build.make:86: recipe for target 'cmTC_4b18f' failed
make[2]: *** [cmTC_4b18f] Error 1
make[2]: Leaving directory '/home/amir/Documents/PT/ProgrammingTechnologies/Sea_battles/cmake-build-debug/CMakeFiles/CMakeTmp'
Makefile:121: recipe for target 'cmTC_4b18f/fast' failed
make[1]: *** [cmTC_4b18f/fast] Error 2
make[1]: Leaving directory '/home/amir/Documents/PT/ProgrammingTechnologies/Sea_battles/cmake-build-debug/CMakeFiles/CMakeTmp'


